This file contains any messages produced by compilers while
running configure, to aid debugging if configure makes a mistake.

It was created by configure, which was
generated by GNU Autoconf 2.63.  Invocation command line was

  $ ./configure 

## --------- ##
## Platform. ##
## --------- ##

hostname = PC-Q15
uname -m = x86_64
uname -r = 3.2.0-23-generic
uname -s = Linux
uname -v = #36-Ubuntu SMP Tue Apr 10 20:39:51 UTC 2012

/usr/bin/uname -p = unknown
/bin/uname -X     = unknown

/bin/arch              = unknown
/usr/bin/arch -k       = unknown
/usr/convex/getsysinfo = unknown
/usr/bin/hostinfo      = unknown
/bin/machine           = unknown
/usr/bin/oslevel       = unknown
/bin/universe          = unknown

PATH: /home/oshiro/bin
PATH: /usr/local/sbin
PATH: /usr/local/bin
PATH: /usr/sbin
PATH: /usr/bin
PATH: /sbin
PATH: /bin
PATH: /usr/games


## ----------- ##
## Core tests. ##
## ----------- ##

configure:1979: checking whether to install link to etags
configure:1986: result: no
configure:1989: checking whether to install readtags object file
configure:1996: result: no
configure:2073: checking for gcc
configure:2089: found /usr/bin/gcc
configure:2100: result: gcc
configure:2332: checking for C compiler version
configure:2340: gcc --version >&5
gcc (Ubuntu/Linaro 4.6.3-1ubuntu5) 4.6.3
Copyright (C) 2011 Free Software Foundation, Inc.
This is free software; see the source for copying conditions.  There is NO
warranty; not even for MERCHANTABILITY or FITNESS FOR A PARTICULAR PURPOSE.

configure:2344: $? = 0
configure:2351: gcc -v >&5
Using built-in specs.
COLLECT_GCC=gcc
COLLECT_LTO_WRAPPER=/usr/lib/gcc/x86_64-linux-gnu/4.6/lto-wrapper
Target: x86_64-linux-gnu
Configured with: ../src/configure -v --with-pkgversion='Ubuntu/Linaro 4.6.3-1ubuntu5' --with-bugurl=file:///usr/share/doc/gcc-4.6/README.Bugs --enable-languages=c,c++,fortran,objc,obj-c++ --prefix=/usr --program-suffix=-4.6 --enable-shared --enable-linker-build-id --with-system-zlib --libexecdir=/usr/lib --without-included-gettext --enable-threads=posix --with-gxx-include-dir=/usr/include/c++/4.6 --libdir=/usr/lib --enable-nls --with-sysroot=/ --enable-clocale=gnu --enable-libstdcxx-debug --enable-libstdcxx-time=yes --enable-gnu-unique-object --enable-plugin --enable-objc-gc --disable-werror --with-arch-32=i686 --with-tune=generic --enable-checking=release --build=x86_64-linux-gnu --host=x86_64-linux-gnu --target=x86_64-linux-gnu
Thread model: posix
gcc version 4.6.3 (Ubuntu/Linaro 4.6.3-1ubuntu5) 
configure:2355: $? = 0
configure:2362: gcc -V >&5
gcc: error: unrecognized option '-V'
gcc: fatal error: no input files
compilation terminated.
configure:2366: $? = 4
configure:2389: checking for C compiler default output file name
configure:2411: gcc    conftest.c  >&5
configure:2415: $? = 0
configure:2453: result: a.out
configure:2472: checking whether the C compiler works
configure:2482: ./a.out
configure:2486: $? = 0
configure:2505: result: yes
configure:2512: checking whether we are cross compiling
configure:2514: result: no
configure:2517: checking for suffix of executables
configure:2524: gcc -o conftest    conftest.c  >&5
configure:2528: $? = 0
configure:2554: result: 
configure:2560: checking for suffix of object files
configure:2586: gcc -c   conftest.c >&5
configure:2590: $? = 0
configure:2615: result: o
configure:2619: checking whether we are using the GNU C compiler
configure:2648: gcc -c   conftest.c >&5
configure:2655: $? = 0
configure:2672: result: yes
configure:2681: checking whether gcc accepts -g
configure:2711: gcc -c -g  conftest.c >&5
configure:2718: $? = 0
configure:2819: result: yes
configure:2836: checking for gcc option to accept ISO C89
configure:2910: gcc  -c -g -O2  conftest.c >&5
configure:2917: $? = 0
configure:2940: result: none needed
configure:2988: checking whether ln -s works
configure:2992: result: yes
configure:3001: checking for strip
configure:3017: found /usr/bin/strip
configure:3029: result: strip
configure:3043: checking directory to use for temporary files
configure:3061: result: /tmp
configure:3074: checking whether #! works in shell scripts
configure:3091: result: yes
configure:3103: checking for case-insensitive filenames
configure:3114: result: no
configure:3119: checking selected sort method
configure:3125: result: external sort utility
configure:3130: checking for sort
configure:3146: found /usr/bin/sort
configure:3158: result: yes
configure:3167: checking if sort accepts our command line
configure:3175: result: yes
configure:3201: checking how to run the C preprocessor
configure:3241: gcc -E  conftest.c
configure:3248: $? = 0
configure:3279: gcc -E  conftest.c
conftest.c:12:28: fatal error: ac_nonexistent.h: No such file or directory
compilation terminated.
configure:3286: $? = 1
configure: failed program was:
| /* confdefs.h.  */
| #define PACKAGE_NAME ""
| #define PACKAGE_TARNAME ""
| #define PACKAGE_VERSION ""
| #define PACKAGE_STRING ""
| #define PACKAGE_BUGREPORT ""
| #define DEFAULT_FILE_FORMAT 2
| #define TMPDIR "/tmp"
| #define SYS_INTERPRETER 1
| #define EXTERNAL_SORT 1
| /* end confdefs.h.  */
| #include <ac_nonexistent.h>
configure:3319: result: gcc -E
configure:3348: gcc -E  conftest.c
configure:3355: $? = 0
configure:3386: gcc -E  conftest.c
conftest.c:12:28: fatal error: ac_nonexistent.h: No such file or directory
compilation terminated.
configure:3393: $? = 1
configure: failed program was:
| /* confdefs.h.  */
| #define PACKAGE_NAME ""
| #define PACKAGE_TARNAME ""
| #define PACKAGE_VERSION ""
| #define PACKAGE_STRING ""
| #define PACKAGE_BUGREPORT ""
| #define DEFAULT_FILE_FORMAT 2
| #define TMPDIR "/tmp"
| #define SYS_INTERPRETER 1
| #define EXTERNAL_SORT 1
| /* end confdefs.h.  */
| #include <ac_nonexistent.h>
configure:3433: checking for grep that handles long lines and -e
configure:3493: result: /bin/grep
configure:3498: checking for egrep
configure:3562: result: /bin/grep -E
configure:3567: checking for ANSI C header files
configure:3597: gcc -c -g -O2  conftest.c >&5
configure:3604: $? = 0
configure:3703: gcc -o conftest -g -O2   conftest.c  >&5
configure:3707: $? = 0
configure:3713: ./conftest
configure:3717: $? = 0
configure:3735: result: yes
configure:3759: checking for sys/types.h
configure:3780: gcc -c -g -O2  conftest.c >&5
configure:3787: $? = 0
configure:3804: result: yes
configure:3759: checking for sys/stat.h
configure:3780: gcc -c -g -O2  conftest.c >&5
configure:3787: $? = 0
configure:3804: result: yes
configure:3759: checking for stdlib.h
configure:3780: gcc -c -g -O2  conftest.c >&5
configure:3787: $? = 0
configure:3804: result: yes
configure:3759: checking for string.h
configure:3780: gcc -c -g -O2  conftest.c >&5
configure:3787: $? = 0
configure:3804: result: yes
configure:3759: checking for memory.h
configure:3780: gcc -c -g -O2  conftest.c >&5
configure:3787: $? = 0
configure:3804: result: yes
configure:3759: checking for strings.h
configure:3780: gcc -c -g -O2  conftest.c >&5
configure:3787: $? = 0
configure:3804: result: yes
configure:3759: checking for inttypes.h
configure:3780: gcc -c -g -O2  conftest.c >&5
configure:3787: $? = 0
configure:3804: result: yes
configure:3759: checking for stdint.h
configure:3780: gcc -c -g -O2  conftest.c >&5
configure:3787: $? = 0
configure:3804: result: yes
configure:3759: checking for unistd.h
configure:3780: gcc -c -g -O2  conftest.c >&5
configure:3787: $? = 0
configure:3804: result: yes
configure:3837: checking dirent.h usability
configure:3854: gcc -c -g -O2  conftest.c >&5
configure:3861: $? = 0
configure:3875: result: yes
configure:3879: checking dirent.h presence
configure:3894: gcc -E  conftest.c
configure:3901: $? = 0
configure:3915: result: yes
configure:3943: checking for dirent.h
configure:3952: result: yes
configure:3837: checking fcntl.h usability
configure:3854: gcc -c -g -O2  conftest.c >&5
configure:3861: $? = 0
configure:3875: result: yes
configure:3879: checking fcntl.h presence
configure:3894: gcc -E  conftest.c
configure:3901: $? = 0
configure:3915: result: yes
configure:3943: checking for fcntl.h
configure:3952: result: yes
configure:3837: checking fnmatch.h usability
configure:3854: gcc -c -g -O2  conftest.c >&5
configure:3861: $? = 0
configure:3875: result: yes
configure:3879: checking fnmatch.h presence
configure:3894: gcc -E  conftest.c
configure:3901: $? = 0
configure:3915: result: yes
configure:3943: checking for fnmatch.h
configure:3952: result: yes
configure:3837: checking stat.h usability
configure:3854: gcc -c -g -O2  conftest.c >&5
conftest.c:58:18: fatal error: stat.h: No such file or directory
compilation terminated.
configure:3861: $? = 1
configure: failed program was:
| /* confdefs.h.  */
| #define PACKAGE_NAME ""
| #define PACKAGE_TARNAME ""
| #define PACKAGE_VERSION ""
| #define PACKAGE_STRING ""
| #define PACKAGE_BUGREPORT ""
| #define DEFAULT_FILE_FORMAT 2
| #define TMPDIR "/tmp"
| #define SYS_INTERPRETER 1
| #define EXTERNAL_SORT 1
| #define STDC_HEADERS 1
| #define HAVE_SYS_TYPES_H 1
| #define HAVE_SYS_STAT_H 1
| #define HAVE_STDLIB_H 1
| #define HAVE_STRING_H 1
| #define HAVE_MEMORY_H 1
| #define HAVE_STRINGS_H 1
| #define HAVE_INTTYPES_H 1
| #define HAVE_STDINT_H 1
| #define HAVE_UNISTD_H 1
| #define HAVE_DIRENT_H 1
| #define HAVE_FCNTL_H 1
| #define HAVE_FNMATCH_H 1
| /* end confdefs.h.  */
| #include <stdio.h>
| #ifdef HAVE_SYS_TYPES_H
| # include <sys/types.h>
| #endif
| #ifdef HAVE_SYS_STAT_H
| # include <sys/stat.h>
| #endif
| #ifdef STDC_HEADERS
| # include <stdlib.h>
| # include <stddef.h>
| #else
| # ifdef HAVE_STDLIB_H
| #  include <stdlib.h>
| # endif
| #endif
| #ifdef HAVE_STRING_H
| # if !defined STDC_HEADERS && defined HAVE_MEMORY_H
| #  include <memory.h>
| # endif
| # include <string.h>
| #endif
| #ifdef HAVE_STRINGS_H
| # include <strings.h>
| #endif
| #ifdef HAVE_INTTYPES_H
| # include <inttypes.h>
| #endif
| #ifdef HAVE_STDINT_H
| # include <stdint.h>
| #endif
| #ifdef HAVE_UNISTD_H
| # include <unistd.h>
| #endif
| #include <stat.h>
configure:3875: result: no
configure:3879: checking stat.h presence
configure:3894: gcc -E  conftest.c
conftest.c:25:18: fatal error: stat.h: No such file or directory
compilation terminated.
configure:3901: $? = 1
configure: failed program was:
| /* confdefs.h.  */
| #define PACKAGE_NAME ""
| #define PACKAGE_TARNAME ""
| #define PACKAGE_VERSION ""
| #define PACKAGE_STRING ""
| #define PACKAGE_BUGREPORT ""
| #define DEFAULT_FILE_FORMAT 2
| #define TMPDIR "/tmp"
| #define SYS_INTERPRETER 1
| #define EXTERNAL_SORT 1
| #define STDC_HEADERS 1
| #define HAVE_SYS_TYPES_H 1
| #define HAVE_SYS_STAT_H 1
| #define HAVE_STDLIB_H 1
| #define HAVE_STRING_H 1
| #define HAVE_MEMORY_H 1
| #define HAVE_STRINGS_H 1
| #define HAVE_INTTYPES_H 1
| #define HAVE_STDINT_H 1
| #define HAVE_UNISTD_H 1
| #define HAVE_DIRENT_H 1
| #define HAVE_FCNTL_H 1
| #define HAVE_FNMATCH_H 1
| /* end confdefs.h.  */
| #include <stat.h>
configure:3915: result: no
configure:3943: checking for stat.h
configure:3952: result: no
configure:3826: checking for stdlib.h
configure:3833: result: yes
configure:3826: checking for string.h
configure:3833: result: yes
configure:3837: checking time.h usability
configure:3854: gcc -c -g -O2  conftest.c >&5
configure:3861: $? = 0
configure:3875: result: yes
configure:3879: checking time.h presence
configure:3894: gcc -E  conftest.c
configure:3901: $? = 0
configure:3915: result: yes
configure:3943: checking for time.h
configure:3952: result: yes
configure:3837: checking types.h usability
configure:3854: gcc -c -g -O2  conftest.c >&5
conftest.c:61:19: fatal error: types.h: No such file or directory
compilation terminated.
configure:3861: $? = 1
configure: failed program was:
| /* confdefs.h.  */
| #define PACKAGE_NAME ""
| #define PACKAGE_TARNAME ""
| #define PACKAGE_VERSION ""
| #define PACKAGE_STRING ""
| #define PACKAGE_BUGREPORT ""
| #define DEFAULT_FILE_FORMAT 2
| #define TMPDIR "/tmp"
| #define SYS_INTERPRETER 1
| #define EXTERNAL_SORT 1
| #define STDC_HEADERS 1
| #define HAVE_SYS_TYPES_H 1
| #define HAVE_SYS_STAT_H 1
| #define HAVE_STDLIB_H 1
| #define HAVE_STRING_H 1
| #define HAVE_MEMORY_H 1
| #define HAVE_STRINGS_H 1
| #define HAVE_INTTYPES_H 1
| #define HAVE_STDINT_H 1
| #define HAVE_UNISTD_H 1
| #define HAVE_DIRENT_H 1
| #define HAVE_FCNTL_H 1
| #define HAVE_FNMATCH_H 1
| #define HAVE_STDLIB_H 1
| #define HAVE_STRING_H 1
| #define HAVE_TIME_H 1
| /* end confdefs.h.  */
| #include <stdio.h>
| #ifdef HAVE_SYS_TYPES_H
| # include <sys/types.h>
| #endif
| #ifdef HAVE_SYS_STAT_H
| # include <sys/stat.h>
| #endif
| #ifdef STDC_HEADERS
| # include <stdlib.h>
| # include <stddef.h>
| #else
| # ifdef HAVE_STDLIB_H
| #  include <stdlib.h>
| # endif
| #endif
| #ifdef HAVE_STRING_H
| # if !defined STDC_HEADERS && defined HAVE_MEMORY_H
| #  include <memory.h>
| # endif
| # include <string.h>
| #endif
| #ifdef HAVE_STRINGS_H
| # include <strings.h>
| #endif
| #ifdef HAVE_INTTYPES_H
| # include <inttypes.h>
| #endif
| #ifdef HAVE_STDINT_H
| # include <stdint.h>
| #endif
| #ifdef HAVE_UNISTD_H
| # include <unistd.h>
| #endif
| #include <types.h>
configure:3875: result: no
configure:3879: checking types.h presence
configure:3894: gcc -E  conftest.c
conftest.c:28:19: fatal error: types.h: No such file or directory
compilation terminated.
configure:3901: $? = 1
configure: failed program was:
| /* confdefs.h.  */
| #define PACKAGE_NAME ""
| #define PACKAGE_TARNAME ""
| #define PACKAGE_VERSION ""
| #define PACKAGE_STRING ""
| #define PACKAGE_BUGREPORT ""
| #define DEFAULT_FILE_FORMAT 2
| #define TMPDIR "/tmp"
| #define SYS_INTERPRETER 1
| #define EXTERNAL_SORT 1
| #define STDC_HEADERS 1
| #define HAVE_SYS_TYPES_H 1
| #define HAVE_SYS_STAT_H 1
| #define HAVE_STDLIB_H 1
| #define HAVE_STRING_H 1
| #define HAVE_MEMORY_H 1
| #define HAVE_STRINGS_H 1
| #define HAVE_INTTYPES_H 1
| #define HAVE_STDINT_H 1
| #define HAVE_UNISTD_H 1
| #define HAVE_DIRENT_H 1
| #define HAVE_FCNTL_H 1
| #define HAVE_FNMATCH_H 1
| #define HAVE_STDLIB_H 1
| #define HAVE_STRING_H 1
| #define HAVE_TIME_H 1
| /* end confdefs.h.  */
| #include <types.h>
configure:3915: result: no
configure:3943: checking for types.h
configure:3952: result: no
configure:3826: checking for unistd.h
configure:3833: result: yes
configure:3837: checking sys/dir.h usability
configure:3854: gcc -c -g -O2  conftest.c >&5
configure:3861: $? = 0
configure:3875: result: yes
configure:3879: checking sys/dir.h presence
configure:3894: gcc -E  conftest.c
configure:3901: $? = 0
configure:3915: result: yes
configure:3943: checking for sys/dir.h
configure:3952: result: yes
configure:3826: checking for sys/stat.h
configure:3833: result: yes
configure:3837: checking sys/times.h usability
configure:3854: gcc -c -g -O2  conftest.c >&5
configure:3861: $? = 0
configure:3875: result: yes
configure:3879: checking sys/times.h presence
configure:3894: gcc -E  conftest.c
configure:3901: $? = 0
configure:3915: result: yes
configure:3943: checking for sys/times.h
configure:3952: result: yes
configure:3826: checking for sys/types.h
configure:3833: result: yes
configure:4037: checking if L_tmpnam is defined in stdio.h
configure:4054: result: yes
configure:4072: checking if INT_MAX is defined in limits.h
configure:4089: result: yes
configure:4143: checking for size_t
configure:4171: gcc -c -g -O2  conftest.c >&5
configure:4178: $? = 0
configure:4205: gcc -c -g -O2  conftest.c >&5
conftest.c: In function 'main':
conftest.c:69:21: error: expected expression before ')' token
configure:4212: $? = 1
configure: failed program was:
| /* confdefs.h.  */
| #define PACKAGE_NAME ""
| #define PACKAGE_TARNAME ""
| #define PACKAGE_VERSION ""
| #define PACKAGE_STRING ""
| #define PACKAGE_BUGREPORT ""
| #define DEFAULT_FILE_FORMAT 2
| #define TMPDIR "/tmp"
| #define SYS_INTERPRETER 1
| #define EXTERNAL_SORT 1
| #define STDC_HEADERS 1
| #define HAVE_SYS_TYPES_H 1
| #define HAVE_SYS_STAT_H 1
| #define HAVE_STDLIB_H 1
| #define HAVE_STRING_H 1
| #define HAVE_MEMORY_H 1
| #define HAVE_STRINGS_H 1
| #define HAVE_INTTYPES_H 1
| #define HAVE_STDINT_H 1
| #define HAVE_UNISTD_H 1
| #define HAVE_DIRENT_H 1
| #define HAVE_FCNTL_H 1
| #define HAVE_FNMATCH_H 1
| #define HAVE_STDLIB_H 1
| #define HAVE_STRING_H 1
| #define HAVE_TIME_H 1
| #define HAVE_UNISTD_H 1
| #define HAVE_SYS_DIR_H 1
| #define HAVE_SYS_STAT_H 1
| #define HAVE_SYS_TIMES_H 1
| #define HAVE_SYS_TYPES_H 1
| /* end confdefs.h.  */
| #include <stdio.h>
| #ifdef HAVE_SYS_TYPES_H
| # include <sys/types.h>
| #endif
| #ifdef HAVE_SYS_STAT_H
| # include <sys/stat.h>
| #endif
| #ifdef STDC_HEADERS
| # include <stdlib.h>
| # include <stddef.h>
| #else
| # ifdef HAVE_STDLIB_H
| #  include <stdlib.h>
| # endif
| #endif
| #ifdef HAVE_STRING_H
| # if !defined STDC_HEADERS && defined HAVE_MEMORY_H
| #  include <memory.h>
| # endif
| # include <string.h>
| #endif
| #ifdef HAVE_STRINGS_H
| # include <strings.h>
| #endif
| #ifdef HAVE_INTTYPES_H
| # include <inttypes.h>
| #endif
| #ifdef HAVE_STDINT_H
| # include <stdint.h>
| #endif
| #ifdef HAVE_UNISTD_H
| # include <unistd.h>
| #endif
| int
| main ()
| {
| if (sizeof ((size_t)))
| 	  return 0;
|   ;
|   return 0;
| }
configure:4235: result: yes
configure:4247: checking for off_t
configure:4275: gcc -c -g -O2  conftest.c >&5
configure:4282: $? = 0
configure:4309: gcc -c -g -O2  conftest.c >&5
conftest.c: In function 'main':
conftest.c:69:20: error: expected expression before ')' token
configure:4316: $? = 1
configure: failed program was:
| /* confdefs.h.  */
| #define PACKAGE_NAME ""
| #define PACKAGE_TARNAME ""
| #define PACKAGE_VERSION ""
| #define PACKAGE_STRING ""
| #define PACKAGE_BUGREPORT ""
| #define DEFAULT_FILE_FORMAT 2
| #define TMPDIR "/tmp"
| #define SYS_INTERPRETER 1
| #define EXTERNAL_SORT 1
| #define STDC_HEADERS 1
| #define HAVE_SYS_TYPES_H 1
| #define HAVE_SYS_STAT_H 1
| #define HAVE_STDLIB_H 1
| #define HAVE_STRING_H 1
| #define HAVE_MEMORY_H 1
| #define HAVE_STRINGS_H 1
| #define HAVE_INTTYPES_H 1
| #define HAVE_STDINT_H 1
| #define HAVE_UNISTD_H 1
| #define HAVE_DIRENT_H 1
| #define HAVE_FCNTL_H 1
| #define HAVE_FNMATCH_H 1
| #define HAVE_STDLIB_H 1
| #define HAVE_STRING_H 1
| #define HAVE_TIME_H 1
| #define HAVE_UNISTD_H 1
| #define HAVE_SYS_DIR_H 1
| #define HAVE_SYS_STAT_H 1
| #define HAVE_SYS_TIMES_H 1
| #define HAVE_SYS_TYPES_H 1
| /* end confdefs.h.  */
| #include <stdio.h>
| #ifdef HAVE_SYS_TYPES_H
| # include <sys/types.h>
| #endif
| #ifdef HAVE_SYS_STAT_H
| # include <sys/stat.h>
| #endif
| #ifdef STDC_HEADERS
| # include <stdlib.h>
| # include <stddef.h>
| #else
| # ifdef HAVE_STDLIB_H
| #  include <stdlib.h>
| # endif
| #endif
| #ifdef HAVE_STRING_H
| # if !defined STDC_HEADERS && defined HAVE_MEMORY_H
| #  include <memory.h>
| # endif
| # include <string.h>
| #endif
| #ifdef HAVE_STRINGS_H
| # include <strings.h>
| #endif
| #ifdef HAVE_INTTYPES_H
| # include <inttypes.h>
| #endif
| #ifdef HAVE_STDINT_H
| # include <stdint.h>
| #endif
| #ifdef HAVE_UNISTD_H
| # include <unistd.h>
| #endif
| int
| main ()
| {
| if (sizeof ((off_t)))
| 	  return 0;
|   ;
|   return 0;
| }
configure:4339: result: yes
configure:4352: checking for fpos_t
configure:4365: result: yes
configure:4380: checking for clock_t
configure:4393: result: yes
configure:4414: checking for an ANSI C-conforming const
configure:4489: gcc -c -g -O2  conftest.c >&5
configure:4496: $? = 0
configure:4511: result: yes
configure:4524: checking if struct stat contains st_ino
configure:4552: gcc -c -g -O2  conftest.c >&5
conftest.c: In function 'main':
conftest.c:41:3: warning: incompatible implicit declaration of built-in function 'exit' [enabled by default]
configure:4559: $? = 0
configure:4573: result: yes
configure:4590: checking for fnmatch
configure:4646: gcc -o conftest -g -O2   conftest.c  >&5
configure:4653: $? = 0
configure:4675: result: yes
configure:4691: checking for strstr
configure:4747: gcc -o conftest -g -O2   conftest.c  >&5
conftest.c:58:6: warning: conflicting types for built-in function 'strstr' [enabled by default]
configure:4754: $? = 0
configure:4776: result: yes
configure:4793: checking for strcasecmp
configure:4849: gcc -o conftest -g -O2   conftest.c  >&5
conftest.c:59:6: warning: conflicting types for built-in function 'strcasecmp' [enabled by default]
configure:4856: $? = 0
configure:4878: result: yes
configure:4895: checking for strncasecmp
configure:4951: gcc -o conftest -g -O2   conftest.c  >&5
conftest.c:60:6: warning: conflicting types for built-in function 'strncasecmp' [enabled by default]
configure:4958: $? = 0
configure:4980: result: yes
configure:4996: checking for fgetpos
configure:5052: gcc -o conftest -g -O2   conftest.c  >&5
configure:5059: $? = 0
configure:5081: result: yes
configure:5166: checking for mkstemp
configure:5222: gcc -o conftest -g -O2   conftest.c  >&5
configure:5229: $? = 0
configure:5251: result: yes
configure:5480: checking for opendir
configure:5536: gcc -o conftest -g -O2   conftest.c  >&5
configure:5543: $? = 0
configure:5565: result: yes
configure:5581: checking for strerror
configure:5637: gcc -o conftest -g -O2   conftest.c  >&5
configure:5644: $? = 0
configure:5666: result: yes
configure:5683: checking for clock
configure:5739: gcc -o conftest -g -O2   conftest.c  >&5
configure:5746: $? = 0
configure:5768: result: yes
configure:5784: checking for remove
configure:5840: gcc -o conftest -g -O2   conftest.c  >&5
configure:5847: $? = 0
configure:5869: result: yes
configure:5921: checking for truncate
configure:5977: gcc -o conftest -g -O2   conftest.c  >&5
configure:5984: $? = 0
configure:6006: result: yes
configure:6230: checking for setenv
configure:6286: gcc -o conftest -g -O2   conftest.c  >&5
configure:6293: $? = 0
configure:6315: result: yes
configure:6485: checking for regcomp
configure:6541: gcc -o conftest -g -O2   conftest.c  >&5
configure:6548: $? = 0
configure:6570: result: yes
configure:6582: checking if regcomp works
configure:6610: gcc -o conftest -g -O2   conftest.c  >&5
conftest.c: In function 'main':
conftest.c:52:2: warning: incompatible implicit declaration of built-in function 'exit' [enabled by default]
configure:6614: $? = 0
configure:6620: ./conftest
configure:6624: $? = 0
configure:6640: result: yes
configure:6675: checking for new missing prototypes...
configure:7033: creating ./config.status

## ---------------------- ##
## Running config.status. ##
## ---------------------- ##

This file was extended by config.status, which was
generated by GNU Autoconf 2.63.  Invocation command line was

  CONFIG_FILES    = 
  CONFIG_HEADERS  = 
  CONFIG_LINKS    = 
  CONFIG_COMMANDS = 
  $ ./config.status 

on PC-Q15

config.status:754: creating Makefile
config.status:754: creating config.h

## ---------------- ##
## Cache variables. ##
## ---------------- ##

ac_cv_c_compiler_gnu=yes
ac_cv_c_const=yes
ac_cv_env_CC_set=
ac_cv_env_CC_value=
ac_cv_env_CFLAGS_set=
ac_cv_env_CFLAGS_value=
ac_cv_env_CPPFLAGS_set=
ac_cv_env_CPPFLAGS_value=
ac_cv_env_CPP_set=
ac_cv_env_CPP_value=
ac_cv_env_LDFLAGS_set=
ac_cv_env_LDFLAGS_value=
ac_cv_env_LIBS_set=
ac_cv_env_LIBS_value=
ac_cv_env_build_alias_set=
ac_cv_env_build_alias_value=
ac_cv_env_host_alias_set=
ac_cv_env_host_alias_value=
ac_cv_env_target_alias_set=
ac_cv_env_target_alias_value=
ac_cv_func_clock=yes
ac_cv_func_fgetpos=yes
ac_cv_func_fnmatch=yes
ac_cv_func_mkstemp=yes
ac_cv_func_opendir=yes
ac_cv_func_regcomp=yes
ac_cv_func_remove=yes
ac_cv_func_setenv=yes
ac_cv_func_strcasecmp=yes
ac_cv_func_strerror=yes
ac_cv_func_strncasecmp=yes
ac_cv_func_strstr=yes
ac_cv_func_truncate=yes
ac_cv_header_dirent_h=yes
ac_cv_header_fcntl_h=yes
ac_cv_header_fnmatch_h=yes
ac_cv_header_inttypes_h=yes
ac_cv_header_memory_h=yes
ac_cv_header_stat_h=no
ac_cv_header_stdc=yes
ac_cv_header_stdint_h=yes
ac_cv_header_stdlib_h=yes
ac_cv_header_string_h=yes
ac_cv_header_strings_h=yes
ac_cv_header_sys_dir_h=yes
ac_cv_header_sys_stat_h=yes
ac_cv_header_sys_times_h=yes
ac_cv_header_sys_types_h=yes
ac_cv_header_time_h=yes
ac_cv_header_types_h=no
ac_cv_header_unistd_h=yes
ac_cv_objext=o
ac_cv_path_EGREP='/bin/grep -E'
ac_cv_path_GREP=/bin/grep
ac_cv_prog_CPP='gcc -E'
ac_cv_prog_STRIP=strip
ac_cv_prog_ac_ct_CC=gcc
ac_cv_prog_cc_c89=
ac_cv_prog_cc_g=yes
ac_cv_prog_sort_found=yes
ac_cv_sys_interpreter=yes
ac_cv_type_off_t=yes
ac_cv_type_size_t=yes

## ----------------- ##
## Output variables. ##
## ----------------- ##

CC='gcc'
CFLAGS='-g -O2'
CPP='gcc -E'
CPPFLAGS=''
DEFS='-DHAVE_CONFIG_H -DKANJI'
ECHO_C=''
ECHO_N='-n'
ECHO_T=''
EGREP='/bin/grep -E'
EXEEXT=''
GREP='/bin/grep'
LDFLAGS=''
LIBOBJS=''
LIBS=''
LN_S='ln -s'
LTLIBOBJS=''
OBJEXT='o'
PACKAGE_BUGREPORT=''
PACKAGE_NAME=''
PACKAGE_STRING=''
PACKAGE_TARNAME=''
PACKAGE_VERSION=''
PATH_SEPARATOR=':'
SHELL='/bin/bash'
STRIP='strip'
ac_ct_CC='gcc'
bindir='${exec_prefix}/bin'
build_alias=''
datadir='${datarootdir}'
datarootdir='${prefix}/share'
docdir='${datarootdir}/doc/${PACKAGE}'
dvidir='${docdir}'
exec_prefix='${prefix}'
host_alias=''
htmldir='${docdir}'
includedir='${prefix}/include'
infodir='${datarootdir}/info'
install_targets='install-ctags'
libdir='${exec_prefix}/lib'
libexecdir='${exec_prefix}/libexec'
localedir='${datarootdir}/locale'
localstatedir='${prefix}/var'
mandir='${datarootdir}/man'
oldincludedir='/usr/include'
pdfdir='${docdir}'
prefix='/usr/local'
program_transform_name='s,x,x,'
psdir='${docdir}'
sbindir='${exec_prefix}/sbin'
sharedstatedir='${prefix}/com'
sort_found='yes'
sysconfdir='${prefix}/etc'
target_alias=''

## ----------- ##
## confdefs.h. ##
## ----------- ##

#define PACKAGE_NAME ""
#define PACKAGE_TARNAME ""
#define PACKAGE_VERSION ""
#define PACKAGE_STRING ""
#define PACKAGE_BUGREPORT ""
#define DEFAULT_FILE_FORMAT 2
#define TMPDIR "/tmp"
#define SYS_INTERPRETER 1
#define EXTERNAL_SORT 1
#define STDC_HEADERS 1
#define HAVE_SYS_TYPES_H 1
#define HAVE_SYS_STAT_H 1
#define HAVE_STDLIB_H 1
#define HAVE_STRING_H 1
#define HAVE_MEMORY_H 1
#define HAVE_STRINGS_H 1
#define HAVE_INTTYPES_H 1
#define HAVE_STDINT_H 1
#define HAVE_UNISTD_H 1
#define HAVE_DIRENT_H 1
#define HAVE_FCNTL_H 1
#define HAVE_FNMATCH_H 1
#define HAVE_STDLIB_H 1
#define HAVE_STRING_H 1
#define HAVE_TIME_H 1
#define HAVE_UNISTD_H 1
#define HAVE_SYS_DIR_H 1
#define HAVE_SYS_STAT_H 1
#define HAVE_SYS_TIMES_H 1
#define HAVE_SYS_TYPES_H 1
#define HAVE_STAT_ST_INO 1
#define HAVE_FNMATCH 1
#define HAVE_STRSTR 1
#define HAVE_STRCASECMP 1
#define HAVE_STRNCASECMP 1
#define HAVE_FGETPOS 1
#define HAVE_MKSTEMP 1
#define HAVE_OPENDIR 1
#define HAVE_STRERROR 1
#define HAVE_CLOCK 1
#define HAVE_REMOVE 1
#define HAVE_TRUNCATE 1
#define HAVE_SETENV 1
#define HAVE_REGCOMP 1

configure: exit 0
